2026-03-12 10:59:08,558 - blind_guide_system - INFO - 使用Mock TTS引擎
2026-03-12 10:59:08,558 - blind_guide_system - INFO - 导盲系统启动中...
2026-03-12 10:59:08,559 - blind_guide_system - INFO - 资源管理器已启动
2026-03-12 10:59:08,560 - blind_guide_system - INFO - 摄像头 camera1 使用随机图像模拟
2026-03-12 10:59:08,560 - blind_guide_system - INFO - 摄像头 camera1 模拟已启动
2026-03-12 10:59:08,561 - blind_guide_system - INFO - 摄像头 camera2 模拟已启动
2026-03-12 10:59:08,561 - blind_guide_system - INFO - 摄像头 camera2 使用随机图像模拟
2026-03-12 10:59:08,561 - blind_guide_system - INFO - 摄像头 camera3 使用随机图像模拟
2026-03-12 10:59:08,561 - blind_guide_system - INFO - 摄像头 camera3 模拟已启动
2026-03-12 10:59:08,649 - blind_guide_system - INFO - 摄像头 camera4 使用随机图像模拟
2026-03-12 10:59:08,649 - blind_guide_system - INFO - 摄像头 camera4 模拟已启动
2026-03-12 10:59:08,650 - blind_guide_system - INFO - 摄像头 camera5 使用随机图像模拟
2026-03-12 10:59:08,650 - blind_guide_system - INFO - 摄像头 camera5 模拟已启动
2026-03-12 10:59:08,650 - blind_guide_system - INFO - 帧同步模块已启动
2026-03-12 10:59:08,656 - blind_guide_system - INFO - 实时安全调度引擎已启动
2026-03-12 10:59:08,661 - blind_guide_system - INFO - 复杂场景智能调度引擎已启动
2026-03-12 10:59:08,746 - blind_guide_system - INFO - 语音播报调度器已启动
2026-03-12 10:59:08,747 - blind_guide_system - INFO - 调试查看器已启动
2026-03-12 10:59:08,749 - blind_guide_system - INFO - 导盲系统启动完成
2026-03-12 10:59:17,563 - blind_guide_system - INFO - 收到停止信号，正在停止系统...
2026-03-12 10:59:17,564 - blind_guide_system - INFO - 导盲系统停止中...
2026-03-12 10:59:17,657 - blind_guide_system - INFO - 语音播报调度器已停止
2026-03-12 10:59:17,949 - blind_guide_system - INFO - 复杂场景智能调度引擎已停止
2026-03-12 10:59:18,152 - blind_guide_system - INFO - 实时安全调度引擎已停止
2026-03-12 10:59:18,246 - blind_guide_system - INFO - 帧同步模块已停止
2026-03-12 10:59:18,646 - blind_guide_system - INFO - 摄像头 camera1 模拟已停止
