2026-03-12 10:59:59,466 - blind_guide_system - INFO - 使用Mock TTS引擎
2026-03-12 10:59:59,466 - blind_guide_system - INFO - 导盲系统启动中...
2026-03-12 10:59:59,467 - blind_guide_system - INFO - 资源管理器已启动
2026-03-12 10:59:59,467 - blind_guide_system - INFO - 摄像头 camera1 模拟已启动
2026-03-12 10:59:59,467 - blind_guide_system - INFO - 摄像头 camera1 使用随机图像模拟
2026-03-12 10:59:59,468 - blind_guide_system - INFO - 摄像头 camera2 使用随机图像模拟
2026-03-12 10:59:59,546 - blind_guide_system - INFO - 摄像头 camera2 模拟已启动
2026-03-12 10:59:59,547 - blind_guide_system - INFO - 摄像头 camera3 使用随机图像模拟
2026-03-12 10:59:59,548 - blind_guide_system - INFO - 摄像头 camera3 模拟已启动
2026-03-12 10:59:59,549 - blind_guide_system - INFO - 摄像头 camera4 使用随机图像模拟
2026-03-12 10:59:59,549 - blind_guide_system - INFO - 摄像头 camera4 模拟已启动
2026-03-12 10:59:59,550 - blind_guide_system - INFO - 摄像头 camera5 使用随机图像模拟
2026-03-12 10:59:59,550 - blind_guide_system - INFO - 摄像头 camera5 模拟已启动
2026-03-12 10:59:59,552 - blind_guide_system - INFO - 帧同步模块已启动
2026-03-12 10:59:59,553 - blind_guide_system - INFO - 实时安全调度引擎已启动
2026-03-12 10:59:59,554 - blind_guide_system - INFO - 复杂场景智能调度引擎已启动
2026-03-12 10:59:59,559 - blind_guide_system - INFO - 语音播报调度器已启动
2026-03-12 10:59:59,559 - blind_guide_system - WARNING - 没有图形界面，禁用调试查看器
2026-03-12 10:59:59,560 - blind_guide_system - INFO - 导盲系统启动完成
2026-03-12 11:00:08,859 - blind_guide_system - INFO - 收到停止信号，正在停止系统...
2026-03-12 11:00:08,860 - blind_guide_system - INFO - 导盲系统停止中...
2026-03-12 11:00:08,956 - blind_guide_system - INFO - 语音播报调度器已停止
2026-03-12 11:00:09,247 - blind_guide_system - INFO - 复杂场景智能调度引擎已停止
2026-03-12 11:00:09,447 - blind_guide_system - INFO - 实时安全调度引擎已停止
2026-03-12 11:00:09,447 - blind_guide_system - INFO - 帧同步模块已停止
2026-03-12 11:00:09,548 - blind_guide_system - INFO - 摄像头 camera1 模拟已停止
2026-03-12 11:00:10,047 - blind_guide_system - INFO - 摄像头 camera2 模拟已停止
2026-03-12 11:00:10,048 - blind_guide_system - INFO - 摄像头 camera3 模拟已停止
2026-03-12 11:00:10,048 - blind_guide_system - INFO - 摄像头 camera4 模拟已停止
2026-03-12 11:00:10,048 - blind_guide_system - INFO - 摄像头 camera5 模拟已停止
2026-03-12 11:00:14,258 - blind_guide_system - WARNING - 模块 main 心跳超时
2026-03-12 11:00:15,259 - blind_guide_system - INFO - 资源管理器已停止
2026-03-12 11:00:15,259 - blind_guide_system - INFO - TTS引擎资源已释放
2026-03-12 11:00:15,259 - blind_guide_system - INFO - 导盲系统已停止
2026-03-12 11:00:15,259 - blind_guide_system - INFO - 导盲系统停止中...
2026-03-12 11:00:15,259 - blind_guide_system - INFO - 语音播报调度器已停止
2026-03-12 11:00:15,259 - blind_guide_system - INFO - 复杂场景智能调度引擎已停止
2026-03-12 11:00:15,260 - blind_guide_system - INFO - 实时安全调度引擎已停止
2026-03-12 11:00:15,260 - blind_guide_system - INFO - 帧同步模块已停止
2026-03-12 11:00:15,260 - blind_guide_system - INFO - 摄像头 camera1 模拟已停止
2026-03-12 11:00:15,260 - blind_guide_system - INFO - 摄像头 camera2 模拟已停止
2026-03-12 11:00:15,260 - blind_guide_system - INFO - 摄像头 camera3 模拟已停止
2026-03-12 11:00:15,260 - blind_guide_system - INFO - 摄像头 camera4 模拟已停止
2026-03-12 11:00:15,260 - blind_guide_system - INFO - 摄像头 camera5 模拟已停止
2026-03-12 11:00:15,260 - blind_guide_system - INFO - 资源管理器已停止
2026-03-12 11:00:15,260 - blind_guide_system - INFO - 导盲系统已停止
